#
# There is insufficient memory for the Java Runtime Environment to continue.
# Native memory allocation (malloc) failed to allocate 1048576 bytes for AllocateHeap
# Possible reasons:
#   The system is out of physical RAM or swap space
#   In 32 bit mode, the process size limit was hit
# Possible solutions:
#   Reduce memory load on the system
#   Increase physical memory or swap space
#   Check if swap backing store is full
#   Use 64 bit Java on a 64 bit OS
#   Decrease Java heap size (-Xmx/-Xms)
#   Decrease number of Java threads
#   Decrease Java thread stack sizes (-Xss)
#   Set larger code cache with -XX:ReservedCodeCacheSize=
# This output file may be truncated or incomplete.
#
#  Out of Memory Error (memory/allocation.inline.hpp:61), pid=7420, tid=11224
#
# JRE version:  (8.0_60-b27) (build )
# Java VM: Java HotSpot(TM) 64-Bit Server VM (25.60-b23 mixed mode windows-amd64 compressed oops)
# Failed to write core dump. Minidumps are not enabled by default on client versions of Windows
#

---------------  T H R E A D  ---------------

Current thread (0x000000000112e800):  JavaThread "Unknown thread" [_thread_in_vm, id=11224, stack(0x0000000002d40000,0x0000000002e40000)]

Stack: [0x0000000002d40000,0x0000000002e40000]
[error occurred during error reporting (printing stack bounds), id 0xc0000005]

Native frames: (J=compiled Java code, j=interpreted, Vv=VM code, C=native code)


---------------  P R O C E S S  ---------------

Java Threads: ( => current thread )

Other Threads:

=>0x000000000112e800 (exited) JavaThread "Unknown thread" [_thread_in_vm, id=11224, stack(0x0000000002d40000,0x0000000002e40000)]

VM state:not at safepoint (normal execution)

VM Mutex/Monitor currently owned by a thread: None

Heap:
 PSYoungGen      total 18432K, used 317K [0x00000000eab00000, 0x00000000ebf80000, 0x0000000100000000)
  eden space 15872K, 2% used [0x00000000eab00000,0x00000000eab4f5d0,0x00000000eba80000)
  from space 2560K, 0% used [0x00000000ebd00000,0x00000000ebd00000,0x00000000ebf80000)
  to   space 2560K, 0% used [0x00000000eba80000,0x00000000eba80000,0x00000000ebd00000)
 ParOldGen       total 42496K, used 0K [0x00000000c0000000, 0x00000000c2980000, 0x00000000eab00000)
  object space 42496K, 0% used [0x00000000c0000000,0x00000000c0000000,0x00000000c2980000)
 Metaspace       used 781K, capacity 1092K, committed 1152K, reserved 1060864K
  class space    used 75K, capacity 384K, committed 384K, reserved 1048576K

Card table byte_map: [0x0000000012360000,0x0000000012570000] byte_map_base: 0x0000000011d60000

Marking Bits: (ParMarkBitMap*) 0x00000000763aa5b0
 Begin Bits: [0x00000000128d0000, 0x00000000138d0000)
 End Bits:   [0x00000000138d0000, 0x00000000148d0000)

Polling page: 0x0000000001100000

CodeCache: size=245760Kb used=327Kb max_used=327Kb free=245432Kb
 bounds [0x0000000002fa0000, 0x0000000003210000, 0x0000000011fa0000]
 total_blobs=56 nmethods=0 adapters=37
 compilation: enabled

Compilation events (0 events):
No events

GC Heap History (0 events):
No events

Deoptimization events (0 events):
No events

Internal exceptions (0 events):
No events

Events (10 events):
Event: 0.027 loading class java/lang/Short
Event: 0.027 loading class java/lang/Short done
Event: 0.027 loading class java/lang/Integer
Event: 0.027 loading class java/lang/Integer done
Event: 0.027 loading class java/lang/Long
Event: 0.027 loading class java/lang/Long done
Event: 0.028 loading class java/lang/NullPointerException
Event: 0.028 loading class java/lang/NullPointerException done
Event: 0.028 loading class java/lang/ArithmeticException
Event: 0.028 loading class java/lang/ArithmeticException done


Dynamic libraries:
0x00007ff710f20000 - 0x00007ff710f57000 	C:\Program Files\Java\jdk1.8.0_60\bin\java.exe
0x00007ff95ba20000 - 0x00007ff95bbe1000 	C:\WINDOWS\SYSTEM32\ntdll.dll
0x00007ff95b370000 - 0x00007ff95b41d000 	C:\WINDOWS\system32\KERNEL32.DLL
0x00007ff9580b0000 - 0x00007ff958298000 	C:\WINDOWS\system32\KERNELBASE.dll
0x00007ff95b900000 - 0x00007ff95b9a7000 	C:\WINDOWS\system32\ADVAPI32.dll
0x00007ff9597f0000 - 0x00007ff95988d000 	C:\WINDOWS\system32\msvcrt.dll
0x00007ff959890000 - 0x00007ff9598eb000 	C:\WINDOWS\system32\sechost.dll
0x00007ff9596d0000 - 0x00007ff9597ec000 	C:\WINDOWS\system32\RPCRT4.dll
0x00007ff959230000 - 0x00007ff959386000 	C:\WINDOWS\system32\USER32.dll
0x00007ff95b000000 - 0x00007ff95b186000 	C:\WINDOWS\system32\GDI32.dll
0x00007ff9504e0000 - 0x00007ff950754000 	C:\WINDOWS\WinSxS\amd64_microsoft.windows.common-controls_6595b64144ccf1df_6.0.10586.589_none_a2ddb3caa539acce\COMCTL32.dll
0x00007ff95b680000 - 0x00007ff95b8fd000 	C:\WINDOWS\system32\combase.dll
0x00007ff958600000 - 0x00007ff95866a000 	C:\WINDOWS\system32\bcryptPrimitives.dll
0x00007ff95b260000 - 0x00007ff95b29b000 	C:\WINDOWS\system32\IMM32.DLL
0x0000000076430000 - 0x0000000076502000 	C:\Program Files\Java\jdk1.8.0_60\jre\bin\msvcr100.dll
0x0000000075ba0000 - 0x0000000076429000 	C:\Program Files\Java\jdk1.8.0_60\jre\bin\server\jvm.dll
0x00007ff95b190000 - 0x00007ff95b198000 	C:\WINDOWS\system32\PSAPI.DLL
0x00007ff94bc50000 - 0x00007ff94bc59000 	C:\WINDOWS\SYSTEM32\WSOCK32.dll
0x00007ff959660000 - 0x00007ff9596cb000 	C:\WINDOWS\system32\WS2_32.dll
0x00007ff9567d0000 - 0x00007ff9567f3000 	C:\WINDOWS\SYSTEM32\WINMM.dll
0x00007ff94f300000 - 0x00007ff94f30a000 	C:\WINDOWS\SYSTEM32\VERSION.dll
0x00007ff956770000 - 0x00007ff95679c000 	C:\WINDOWS\SYSTEM32\WINMMBASE.dll
0x00007ff958520000 - 0x00007ff958563000 	C:\WINDOWS\system32\cfgmgr32.dll
0x0000000050820000 - 0x000000005082f000 	C:\Program Files\Java\jdk1.8.0_60\jre\bin\verify.dll
0x0000000075b70000 - 0x0000000075b99000 	C:\Program Files\Java\jdk1.8.0_60\jre\bin\java.dll
0x0000000050800000 - 0x0000000050816000 	C:\Program Files\Java\jdk1.8.0_60\jre\bin\zip.dll

VM Arguments:
jvm_args: -Djava.awt.headless=true -Xmx1024M -Dfile.encoding=windows-1252 -Duser.country=US -Duser.language=en -Duser.variant 
java_command: com.android.dx.command.Main --dex --num-threads=4 --output C:\Users\Eziaha Ada Ekwuribe\Desktop\votersapp\android\app\build\intermediates\pre-dexed\debug\votersapp-react-native-image-picker-unspecified_72027955d1aa45436914562852721329ef8edb97.jar C:\Users\Eziaha Ada Ekwuribe\Desktop\votersapp\android\app\build\intermediates\exploded-aar\votersapp\react-native-image-picker\unspecified\jars\classes.jar
java_class_path (initial): C:\Android\sdk1\build-tools\25.0.0\lib\dx.jar
Launcher Type: SUN_STANDARD

Environment Variables:
JAVA_HOME=C:\Program Files\Java\jdk1.8.0_60
CLASSPATH=C:\Users\Eziaha Ada Ekwuribe\Desktop\votersapp\android\\gradle\wrapper\gradle-wrapper.jar
PATH=C:\ProgramData\Oracle\Java\javapath;C:\Program Files (x86)\PC Connectivity Solution\;C:\Program Files\Common Files\Microsoft Shared\Windows Live;C:\Program Files (x86)\Common Files\Microsoft Shared\Windows Live;C:\WINDOWS\system32;C:\WINDOWS;C:\WINDOWS\System32\Wbem;C:\WINDOWS\System32\WindowsPowerShell\v1.0\;C:\Program Files (x86)\Windows Live\Shared;C:\Program Files (x86)\QuickTime\QTSystem\;C:\Program Files\Microsoft SQL Server\110\DTS\Binn\;C:\Program Files (x86)\Microsoft SQL Server\110\Tools\Binn\;C:\Program Files\Microsoft SQL Server\110\Tools\Binn\;C:\Program Files (x86)\Microsoft SQL Server\110\Tools\Binn\ManagementStudio\;C:\Program Files (x86)\Microsoft Visual Studio 10.0\Common7\IDE\PrivateAssemblies\;C:\Program Files (x86)\Microsoft SQL Server\110\DTS\Binn\;C:\Users\Eziaha Ada Ekwuribe\AppData\Roaming\npm;C:\adb;C:\WINDOWS\system32;C:\WINDOWS;C:\WINDOWS\System32\Wbem;C:\WINDOWS\System32\WindowsPowerShell\v1.0\;C:\Program Files (x86)\Common Files\lenovo\easyplussdk\bin;C:\Program Files\Git\cmd;C:\Android;C:\Windows\System32;C:\Program Files\Git\bin\git.exe;C:\Go\bin;C:\Program Files (x86)\nodejs\;C:\Users\Eziaha Ada Ekwuribe\AppData\Local\atom\bin;C:\Android\sdk1\platform-tools;C:\Android\sdk1\tools;C:\Program Files\Heroku\bin;C:\Program Files\Microsoft VS Code\bin;C:\Program Files\Microsoft VS Code Insiders\bin;C:\Users\Eziaha Ada Ekwuribe\AppData\Roaming\npm
USERNAME=Eziaha Ada Ekwuribe
OS=Windows_NT
PROCESSOR_IDENTIFIER=Intel64 Family 6 Model 42 Stepping 7, GenuineIntel



---------------  S Y S T E M  ---------------

OS: Windows 10.0 , 64 bit Build 10586 (10.0.10586.589)

CPU:total 2 (2 cores per cpu, 1 threads per core) family 6 model 42 stepping 7, cmov, cx8, fxsr, mmx, sse, sse2, sse3, ssse3, sse4.1, sse4.2, popcnt, clmul, tsc, tscinvbit

Memory: 4k page, physical 4042604k(1258792k free), swap 5464940k(589708k free)

vm_info: Java HotSpot(TM) 64-Bit Server VM (25.60-b23) for windows-amd64 JRE (1.8.0_60-b27), built on Aug  4 2015 11:06:27 by "java_re" with MS VC++ 10.0 (VS2010)

time: Tue Mar 27 15:08:27 2018
elapsed time: 0 seconds (0d 0h 0m 0s)

